0 verbose cli /usr/local/bin/node /usr/local/bin/npm
1 info using npm@10.9.0
2 info using node@v22.12.0
3 silly config load:file:/usr/local/lib/node_modules/npm/npmrc
4 silly config load:file:/Users/clarkwang/Desktop/CodingMisc/ATCProject/frontend/.npmrc
5 silly config load:file:/Users/clarkwang/.npmrc
6 silly config load:file:/Users/clarkwang/.npm-global/etc/npmrc
7 verbose title npm install
8 verbose argv "install"
9 verbose logfile logs-max:10 dir:/Users/clarkwang/Desktop/CodingMisc/ATCProject/frontend/.npm-cache/_logs/2025-10-23T19_19_13_193Z-
10 verbose logfile /Users/clarkwang/Desktop/CodingMisc/ATCProject/frontend/.npm-cache/_logs/2025-10-23T19_19_13_193Z-debug-0.log
11 silly logfile done cleaning log files
12 silly packumentCache heap:4345298944 maxSize:1086324736 maxEntrySize:543162368
13 silly idealTree buildDeps
14 silly fetch manifest xlsx@^0.18.5
15 silly packumentCache full:https://registry.npmjs.org/xlsx cache-miss
16 verbose shrinkwrap failed to load node_modules/.package-lock.json out of date, updated: node_modules/prisma
17 http fetch GET 200 https://registry.npmjs.org/npm 432ms
18 http fetch GET 200 https://registry.npmjs.org/xlsx 206ms (cache miss)
19 silly packumentCache full:https://registry.npmjs.org/xlsx set size:undefined disposed:false
20 silly placeDep ROOT xlsx@0.18.5 OK for: next-app-template@0.0.1 want: ^0.18.5
21 silly fetch manifest cfb@~1.2.1
22 silly packumentCache full:https://registry.npmjs.org/cfb cache-miss
23 silly fetch manifest ssf@~0.11.2
24 silly packumentCache full:https://registry.npmjs.org/ssf cache-miss
25 silly fetch manifest wmf@~1.0.1
26 silly packumentCache full:https://registry.npmjs.org/wmf cache-miss
27 silly fetch manifest word@~0.3.0
28 silly packumentCache full:https://registry.npmjs.org/word cache-miss
29 silly fetch manifest crc-32@~1.2.1
30 silly packumentCache full:https://registry.npmjs.org/crc-32 cache-miss
31 silly fetch manifest adler-32@~1.3.0
32 silly packumentCache full:https://registry.npmjs.org/adler-32 cache-miss
33 silly fetch manifest codepage@~1.15.0
34 silly packumentCache full:https://registry.npmjs.org/codepage cache-miss
35 http fetch GET 200 https://registry.npmjs.org/cfb 48ms (cache miss)
36 silly packumentCache full:https://registry.npmjs.org/cfb set size:undefined disposed:false
37 http fetch GET 200 https://registry.npmjs.org/ssf 51ms (cache miss)
38 silly packumentCache full:https://registry.npmjs.org/ssf set size:undefined disposed:false
39 http fetch GET 200 https://registry.npmjs.org/wmf 88ms (cache miss)
40 silly packumentCache full:https://registry.npmjs.org/wmf set size:undefined disposed:false
41 http fetch GET 200 https://registry.npmjs.org/adler-32 87ms (cache miss)
42 silly packumentCache full:https://registry.npmjs.org/adler-32 set size:undefined disposed:false
43 http fetch GET 200 https://registry.npmjs.org/word 100ms (cache miss)
44 silly packumentCache full:https://registry.npmjs.org/word set size:undefined disposed:false
45 http fetch GET 200 https://registry.npmjs.org/codepage 100ms (cache miss)
46 silly packumentCache full:https://registry.npmjs.org/codepage set size:undefined disposed:false
47 http fetch GET 200 https://registry.npmjs.org/crc-32 108ms (cache miss)
48 silly packumentCache full:https://registry.npmjs.org/crc-32 set size:undefined disposed:false
49 silly placeDep ROOT adler-32@1.3.1 OK for: xlsx@0.18.5 want: ~1.3.0
50 silly placeDep ROOT cfb@1.2.2 OK for: xlsx@0.18.5 want: ~1.2.1
51 silly placeDep ROOT codepage@1.15.0 OK for: xlsx@0.18.5 want: ~1.15.0
52 silly placeDep ROOT crc-32@1.2.2 OK for: xlsx@0.18.5 want: ~1.2.1
53 silly placeDep ROOT ssf@0.11.2 OK for: xlsx@0.18.5 want: ~0.11.2
54 silly placeDep ROOT wmf@1.0.2 OK for: xlsx@0.18.5 want: ~1.0.1
55 silly placeDep ROOT word@0.3.0 OK for: xlsx@0.18.5 want: ~0.3.0
56 silly fetch manifest crc-32@~1.2.0
57 silly packumentCache full:https://registry.npmjs.org/crc-32 cache-miss
58 silly fetch manifest frac@~1.1.2
59 silly packumentCache full:https://registry.npmjs.org/frac cache-miss
60 http fetch GET 200 https://registry.npmjs.org/crc-32 5ms (cache hit)
61 silly packumentCache full:https://registry.npmjs.org/crc-32 set size:32170 disposed:false
62 http fetch GET 200 https://registry.npmjs.org/frac 79ms (cache miss)
63 silly packumentCache full:https://registry.npmjs.org/frac set size:undefined disposed:false
64 silly placeDep ROOT frac@1.1.2 OK for: ssf@0.11.2 want: ~1.1.2
65 silly reify moves {}
66 verbose reify failed optional dependency /Users/clarkwang/Desktop/CodingMisc/ATCProject/frontend/node_modules/@tailwindcss/oxide-wasm32-wasi
67 silly reify mark deleted [
67 silly reify   '/Users/clarkwang/Desktop/CodingMisc/ATCProject/frontend/node_modules/@tailwindcss/oxide-wasm32-wasi'
67 silly reify ]
68 silly audit bulk request {
68 silly audit   '@alloc/quick-lru': [ '5.2.0' ],
68 silly audit   '@ampproject/remapping': [ '2.3.0' ],
68 silly audit   '@babel/runtime': [ '7.28.4' ],
68 silly audit   '@emnapi/core': [ '1.5.0' ],
68 silly audit   '@emnapi/runtime': [ '1.5.0' ],
68 silly audit   '@emnapi/wasi-threads': [ '1.1.0' ],
68 silly audit   '@eslint-community/eslint-utils': [ '4.9.0' ],
68 silly audit   '@eslint-community/regexpp': [ '4.12.1' ],
68 silly audit   '@eslint/config-array': [ '0.20.1' ],
68 silly audit   'brace-expansion': [ '1.1.12', '2.0.2' ],
68 silly audit   minimatch: [ '3.1.2', '9.0.5' ],
68 silly audit   '@eslint/config-helpers': [ '0.2.3' ],
68 silly audit   '@eslint/core': [ '0.13.0' ],
68 silly audit   '@eslint/eslintrc': [ '3.3.1' ],
68 silly audit   globals: [ '14.0.0', '16.0.0' ],
68 silly audit   ignore: [ '5.3.2', '7.0.5' ],
68 silly audit   '@eslint/js': [ '9.25.1' ],
68 silly audit   '@eslint/object-schema': [ '2.1.6' ],
68 silly audit   '@eslint/plugin-kit': [ '0.2.8' ],
68 silly audit   '@formatjs/ecma402-abstract': [ '2.3.4' ],
68 silly audit   '@formatjs/fast-memoize': [ '2.2.7' ],
68 silly audit   '@formatjs/icu-messageformat-parser': [ '2.11.2' ],
68 silly audit   '@formatjs/icu-skeleton-parser': [ '1.8.14' ],
68 silly audit   '@formatjs/intl-localematcher': [ '0.6.1' ],
68 silly audit   '@heroui/accordion': [ '2.2.24' ],
68 silly audit   '@heroui/alert': [ '2.2.27' ],
68 silly audit   '@heroui/aria-utils': [ '2.2.24' ],
68 silly audit   '@heroui/autocomplete': [ '2.3.29' ],
68 silly audit   '@heroui/avatar': [ '2.2.22' ],
68 silly audit   '@heroui/badge': [ '2.2.17' ],
68 silly audit   '@heroui/breadcrumbs': [ '2.2.22' ],
68 silly audit   '@heroui/button': [ '2.2.27' ],
68 silly audit   '@heroui/calendar': [ '2.2.27' ],
68 silly audit   '@heroui/card': [ '2.2.25' ],
68 silly audit   '@heroui/checkbox': [ '2.3.27' ],
68 silly audit   '@heroui/chip': [ '2.2.22' ],
68 silly audit   '@heroui/code': [ '2.2.21' ],
68 silly audit   '@heroui/date-input': [ '2.3.27' ],
68 silly audit   '@heroui/date-picker': [ '2.3.28' ],
68 silly audit   '@heroui/divider': [ '2.2.20' ],
68 silly audit   '@heroui/dom-animation': [ '2.1.10' ],
68 silly audit   '@heroui/drawer': [ '2.2.24' ],
68 silly audit   '@heroui/dropdown': [ '2.3.27' ],
68 silly audit   '@heroui/form': [ '2.1.27' ],
68 silly audit   '@heroui/framer-utils': [ '2.1.23' ],
68 silly audit   '@heroui/image': [ '2.2.17' ],
68 silly audit   '@heroui/input': [ '2.4.28' ],
68 silly audit   '@heroui/input-otp': [ '2.1.27' ],
68 silly audit   '@heroui/kbd': [ '2.2.22' ],
68 silly audit   '@heroui/link': [ '2.2.23' ],
68 silly audit   '@heroui/listbox': [ '2.3.26' ],
68 silly audit   '@heroui/menu': [ '2.2.26' ],
68 silly audit   '@heroui/modal': [ '2.2.24' ],
68 silly audit   '@heroui/navbar': [ '2.2.25' ],
68 silly audit   '@heroui/number-input': [ '2.0.18' ],
68 silly audit   '@heroui/pagination': [ '2.2.24' ],
68 silly audit   '@heroui/popover': [ '2.3.27' ],
68 silly audit   '@heroui/progress': [ '2.2.22' ],
68 silly audit   '@heroui/radio': [ '2.3.27' ],
68 silly audit   '@heroui/react': [ '2.8.5' ],
68 silly audit   '@heroui/react-rsc-utils': [ '2.1.9' ],
68 silly audit   '@heroui/react-utils': [ '2.1.14' ],
68 silly audit   '@heroui/ripple': [ '2.2.20' ],
68 silly audit   '@heroui/scroll-shadow': [ '2.3.18' ],
68 silly audit   '@heroui/select': [ '2.4.28' ],
68 silly audit   '@heroui/shared-icons': [ '2.1.10' ],
68 silly audit   '@heroui/shared-utils': [ '2.1.12' ],
68 silly audit   '@heroui/skeleton': [ '2.2.17' ],
68 silly audit   '@heroui/slider': [ '2.4.24' ],
68 silly audit   '@heroui/snippet': [ '2.2.28' ],
68 silly audit   '@heroui/spacer': [ '2.2.21' ],
68 silly audit   '@heroui/spinner': [ '2.2.24' ],
68 silly audit   '@heroui/switch': [ '2.2.24' ],
68 silly audit   '@heroui/system': [ '2.4.23' ],
68 silly audit   '@heroui/system-rsc': [ '2.3.20' ],
68 silly audit   clsx: [ '1.2.1', '2.1.1' ],
68 silly audit   '@heroui/table': [ '2.2.27' ],
68 silly audit   '@heroui/tabs': [ '2.2.24' ],
68 silly audit   '@heroui/theme': [ '2.4.23' ],
68 silly audit   '@heroui/toast': [ '2.0.17' ],
68 silly audit   '@heroui/tooltip': [ '2.2.24' ],
68 silly audit   '@heroui/use-aria-accordion': [ '2.2.18' ],
68 silly audit   '@heroui/use-aria-button': [ '2.2.20' ],
68 silly audit   '@heroui/use-aria-link': [ '2.2.21' ],
68 silly audit   '@heroui/use-aria-modal-overlay': [ '2.2.19' ],
68 silly audit   '@heroui/use-aria-multiselect': [ '2.4.19' ],
68 silly audit   '@heroui/use-aria-overlay': [ '2.0.4' ],
68 silly audit   '@heroui/use-callback-ref': [ '2.1.8' ],
68 silly audit   '@heroui/use-clipboard': [ '2.1.9' ],
68 silly audit   '@heroui/use-data-scroll-overflow': [ '2.2.13' ],
68 silly audit   '@heroui/use-disclosure': [ '2.2.17' ],
68 silly audit   '@heroui/use-draggable': [ '2.1.18' ],
68 silly audit   '@heroui/use-form-reset': [ '2.0.1' ],
68 silly audit   '@heroui/use-image': [ '2.1.13' ],
68 silly audit   '@heroui/use-intersection-observer': [ '2.2.14' ],
68 silly audit   '@heroui/use-is-mobile': [ '2.2.12' ],
68 silly audit   '@heroui/use-is-mounted': [ '2.1.8' ],
68 silly audit   '@heroui/use-measure': [ '2.1.8' ],
68 silly audit   '@heroui/use-pagination': [ '2.2.18' ],
68 silly audit   '@heroui/use-resize': [ '2.1.8' ],
68 silly audit   '@heroui/use-safe-layout-effect': [ '2.1.8' ],
68 silly audit   '@heroui/use-scroll-position': [ '2.1.8' ],
68 silly audit   '@heroui/use-viewport-size': [ '2.0.1' ],
68 silly audit   '@heroui/user': [ '2.2.22' ],
68 silly audit   '@humanfs/core': [ '0.19.1' ],
68 silly audit   '@humanfs/node': [ '0.16.7' ],
68 silly audit   '@humanwhocodes/module-importer': [ '1.0.1' ],
68 silly audit   '@humanwhocodes/retry': [ '0.4.3' ],
68 silly audit   '@iconify/react': [ '5.2.1' ],
68 silly audit   '@iconify/types': [ '2.0.0' ],
68 silly audit   '@img/colour': [ '1.0.0' ],
68 silly audit   '@img/sharp-darwin-arm64': [ '0.34.4' ],
68 silly audit   '@img/sharp-darwin-x64': [ '0.34.4' ],
68 silly audit   '@img/sharp-libvips-darwin-arm64': [ '1.2.3' ],
68 silly audit   '@img/sharp-libvips-darwin-x64': [ '1.2.3' ],
68 silly audit   '@img/sharp-libvips-linux-arm': [ '1.2.3' ],
68 silly audit   '@img/sharp-libvips-linux-arm64': [ '1.2.3' ],
68 silly audit   '@img/sharp-libvips-linux-ppc64': [ '1.2.3' ],
68 silly audit   '@img/sharp-libvips-linux-s390x': [ '1.2.3' ],
68 silly audit   '@img/sharp-libvips-linux-x64': [ '1.2.3' ],
68 silly audit   '@img/sharp-libvips-linuxmusl-arm64': [ '1.2.3' ],
68 silly audit   '@img/sharp-libvips-linuxmusl-x64': [ '1.2.3' ],
68 silly audit   '@img/sharp-linux-arm': [ '0.34.4' ],
68 silly audit   '@img/sharp-linux-arm64': [ '0.34.4' ],
68 silly audit   '@img/sharp-linux-ppc64': [ '0.34.4' ],
68 silly audit   '@img/sharp-linux-s390x': [ '0.34.4' ],
68 silly audit   '@img/sharp-linux-x64': [ '0.34.4' ],
68 silly audit   '@img/sharp-linuxmusl-arm64': [ '0.34.4' ],
68 silly audit   '@img/sharp-linuxmusl-x64': [ '0.34.4' ],
68 silly audit   '@img/sharp-wasm32': [ '0.34.4' ],
68 silly audit   '@img/sharp-win32-arm64': [ '0.34.4' ],
68 silly audit   '@img/sharp-win32-ia32': [ '0.34.4' ],
68 silly audit   '@img/sharp-win32-x64': [ '0.34.4' ],
68 silly audit   '@internationalized/date': [ '3.10.0' ],
68 silly audit   '@internationalized/message': [ '3.1.8' ],
68 silly audit   '@internationalized/number': [ '3.6.5' ],
68 silly audit   '@internationalized/string': [ '3.2.7' ],
68 silly audit   '@isaacs/fs-minipass': [ '4.0.1' ],
68 silly audit   '@jridgewell/gen-mapping': [ '0.3.13' ],
68 silly audit   '@jridgewell/resolve-uri': [ '3.1.2' ],
68 silly audit   '@jridgewell/sourcemap-codec': [ '1.5.5' ],
68 silly audit   '@jridgewell/trace-mapping': [ '0.3.31' ],
68 silly audit   '@mapbox/geojson-rewind': [ '0.5.2' ],
68 silly audit   '@mapbox/jsonlint-lines-primitives': [ '2.0.2' ],
68 silly audit   '@mapbox/point-geometry': [ '1.1.0' ],
68 silly audit   '@mapbox/tiny-sdf': [ '2.0.7' ],
68 silly audit   '@mapbox/unitbezier': [ '0.0.1' ],
68 silly audit   '@mapbox/vector-tile': [ '2.0.4' ],
68 silly audit   '@mapbox/whoots-js': [ '3.1.0' ],
68 silly audit   '@maplibre/maplibre-gl-style-spec': [ '24.3.0', '19.3.3' ],
68 silly audit   '@maplibre/vt-pbf': [ '4.0.3' ],
68 silly audit   '@napi-rs/wasm-runtime': [ '0.2.12' ],
68 silly audit   '@next/env': [ '15.3.1' ],
68 silly audit   '@next/eslint-plugin-next': [ '15.3.4' ],
68 silly audit   '@next/swc-darwin-arm64': [ '15.3.1' ],
68 silly audit   '@next/swc-darwin-x64': [ '15.3.1' ],
68 silly audit   '@next/swc-linux-arm64-gnu': [ '15.3.1' ],
68 silly audit   '@next/swc-linux-arm64-musl': [ '15.3.1' ],
68 silly audit   '@next/swc-linux-x64-gnu': [ '15.3.1' ],
68 silly audit   '@next/swc-linux-x64-musl': [ '15.3.1' ],
68 silly audit   '@next/swc-win32-arm64-msvc': [ '15.3.1' ],
68 silly audit   '@next/swc-win32-x64-msvc': [ '15.3.1' ],
68 silly audit   '@nodelib/fs.scandir': [ '2.1.5' ],
68 silly audit   '@nodelib/fs.stat': [ '2.0.5' ],
68 silly audit   '@nodelib/fs.walk': [ '1.2.8' ],
68 silly audit   '@nolyfill/is-core-module': [ '1.0.39' ],
68 silly audit   '@pkgr/core': [ '0.1.2' ],
68 silly audit   '@prisma/client': [ '6.17.1' ],
68 silly audit   '@prisma/config': [ '6.17.1' ],
68 silly audit   '@prisma/debug': [ '6.17.1' ],
68 silly audit   '@prisma/engines': [ '6.17.1' ],
68 silly audit   '@prisma/engines-version': [ '6.17.1-1.272a37d34178c2894197e17273bf937f25acdeac' ],
68 silly audit   '@prisma/fetch-engine': [ '6.17.1' ],
68 silly audit   '@prisma/get-platform': [ '6.17.1' ],
68 silly audit   '@react-aria/breadcrumbs': [ '3.5.29' ],
68 silly audit   '@react-aria/button': [ '3.14.2' ],
68 silly audit   '@react-aria/calendar': [ '3.9.2' ],
68 silly audit   '@react-aria/checkbox': [ '3.16.2' ],
68 silly audit   '@react-aria/combobox': [ '3.14.0' ],
68 silly audit   '@react-aria/datepicker': [ '3.15.2' ],
68 silly audit   '@react-aria/dialog': [ '3.5.31' ],
68 silly audit   '@react-aria/focus': [ '3.21.2' ],
68 silly audit   '@react-aria/form': [ '3.1.2' ],
68 silly audit   '@react-aria/grid': [ '3.14.5' ],
68 silly audit   '@react-aria/i18n': [ '3.12.13' ],
68 silly audit   '@react-aria/interactions': [ '3.25.6' ],
68 silly audit   '@react-aria/label': [ '3.7.22' ],
68 silly audit   '@react-aria/landmark': [ '3.0.7' ],
68 silly audit   '@react-aria/link': [ '3.8.6' ],
68 silly audit   '@react-aria/listbox': [ '3.15.0' ],
68 silly audit   '@react-aria/live-announcer': [ '3.4.4' ],
68 silly audit   '@react-aria/menu': [ '3.19.3' ],
68 silly audit   '@react-aria/numberfield': [ '3.12.2' ],
68 silly audit   '@react-aria/overlays': [ '3.30.0' ],
68 silly audit   '@react-aria/progress': [ '3.4.27' ],
68 silly audit   '@react-aria/radio': [ '3.12.2' ],
68 silly audit   '@react-aria/selection': [ '3.26.0' ],
68 silly audit   '@react-aria/slider': [ '3.8.2' ],
68 silly audit   '@react-aria/spinbutton': [ '3.6.19' ],
68 silly audit   '@react-aria/ssr': [ '3.9.10' ],
68 silly audit   '@react-aria/switch': [ '3.7.8' ],
68 silly audit   '@react-aria/table': [ '3.17.8' ],
68 silly audit   '@react-aria/tabs': [ '3.10.8' ],
68 silly audit   '@react-aria/textfield': [ '3.18.2' ],
68 silly audit   '@react-aria/toast': [ '3.0.8' ],
68 silly audit   '@react-aria/toggle': [ '3.12.2' ],
68 silly audit   '@react-aria/toolbar': [ '3.0.0-beta.21' ],
68 silly audit   '@react-aria/tooltip': [ '3.8.8' ],
68 silly audit   '@react-aria/utils': [ '3.31.0' ],
68 silly audit   '@react-aria/visually-hidden': [ '3.8.28' ],
68 silly audit   '@react-leaflet/core': [ '2.1.0' ],
68 silly audit   '@react-stately/calendar': [ '3.9.0' ],
68 silly audit   '@react-stately/checkbox': [ '3.7.2' ],
68 silly audit   '@react-stately/collections': [ '3.12.8' ],
68 silly audit   '@react-stately/combobox': [ '3.12.0' ],
68 silly audit   '@react-stately/datepicker': [ '3.15.2' ],
68 silly audit   '@react-stately/flags': [ '3.1.2' ],
68 silly audit   '@react-stately/form': [ '3.2.2' ],
68 silly audit   '@react-stately/grid': [ '3.11.6' ],
68 silly audit   '@react-stately/list': [ '3.13.1' ],
68 silly audit   '@react-stately/menu': [ '3.9.8' ],
68 silly audit   '@react-stately/numberfield': [ '3.10.2' ],
68 silly audit   '@react-stately/overlays': [ '3.6.20' ],
68 silly audit   '@react-stately/radio': [ '3.11.2' ],
68 silly audit   '@react-stately/selection': [ '3.20.6' ],
68 silly audit   '@react-stately/slider': [ '3.7.2' ],
68 silly audit   '@react-stately/table': [ '3.15.1' ],
68 silly audit   '@react-stately/tabs': [ '3.8.6' ],
68 silly audit   '@react-stately/toast': [ '3.1.2' ],
68 silly audit   '@react-stately/toggle': [ '3.9.2' ],
68 silly audit   '@react-stately/tooltip': [ '3.5.8' ],
68 silly audit   '@react-stately/tree': [ '3.9.3' ],
68 silly audit   '@react-stately/utils': [ '3.10.8' ],
68 silly audit   '@react-stately/virtualizer': [ '4.4.4' ],
68 silly audit   '@react-types/accordion': [ '3.0.0-alpha.26' ],
68 silly audit   '@react-types/breadcrumbs': [ '3.7.17' ],
68 silly audit   '@react-types/button': [ '3.14.1' ],
68 silly audit   '@react-types/calendar': [ '3.8.0' ],
68 silly audit   '@react-types/checkbox': [ '3.10.2' ],
68 silly audit   '@react-types/combobox': [ '3.13.9' ],
68 silly audit   '@react-types/datepicker': [ '3.13.2' ],
68 silly audit   '@react-types/dialog': [ '3.5.22' ],
68 silly audit   '@react-types/form': [ '3.7.16' ],
68 silly audit   '@react-types/grid': [ '3.3.6' ],
68 silly audit   '@react-types/link': [ '3.6.5' ],
68 silly audit   '@react-types/listbox': [ '3.7.4' ],
68 silly audit   '@react-types/menu': [ '3.10.5' ],
68 silly audit   '@react-types/numberfield': [ '3.8.15' ],
68 silly audit   '@react-types/overlays': [ '3.9.2' ],
68 silly audit   '@react-types/progress': [ '3.5.16' ],
68 silly audit   '@react-types/radio': [ '3.9.2' ],
68 silly audit   '@react-types/shared': [ '3.32.1' ],
68 silly audit   '@react-types/slider': [ '3.8.2' ],
68 silly audit   '@react-types/switch': [ '3.5.15' ],
68 silly audit   '@react-types/table': [ '3.13.4' ],
68 silly audit   '@react-types/tabs': [ '3.3.19' ],
68 silly audit   '@react-types/textfield': [ '3.12.6' ],
68 silly audit   '@react-types/tooltip': [ '3.4.21' ],
68 silly audit   '@rtsao/scc': [ '1.1.0' ],
68 silly audit   '@rushstack/eslint-patch': [ '1.13.0' ],
68 silly audit   '@standard-schema/spec': [ '1.0.0' ],
68 silly audit   '@swc/counter': [ '0.1.3' ],
68 silly audit   '@swc/helpers': [ '0.5.17', '0.5.15' ],
68 silly audit   '@tailwindcss/node': [ '4.1.11' ],
68 silly audit   '@tailwindcss/oxide': [ '4.1.11' ],
68 silly audit   '@tailwindcss/oxide-android-arm64': [ '4.1.11' ],
68 silly audit   '@tailwindcss/oxide-darwin-arm64': [ '4.1.11' ],
68 silly audit   '@tailwindcss/oxide-darwin-x64': [ '4.1.11' ],
68 silly audit   '@tailwindcss/oxide-freebsd-x64': [ '4.1.11' ],
68 silly audit   '@tailwindcss/oxide-linux-arm-gnueabihf': [ '4.1.11' ],
68 silly audit   '@tailwindcss/oxide-linux-arm64-gnu': [ '4.1.11' ],
68 silly audit   '@tailwindcss/oxide-linux-arm64-musl': [ '4.1.11' ],
68 silly audit   '@tailwindcss/oxide-linux-x64-gnu': [ '4.1.11' ],
68 silly audit   '@tailwindcss/oxide-linux-x64-musl': [ '4.1.11' ],
68 silly audit   '@tailwindcss/oxide-win32-arm64-msvc': [ '4.1.11' ],
68 silly audit   '@tailwindcss/oxide-win32-x64-msvc': [ '4.1.11' ],
68 silly audit   '@tailwindcss/postcss': [ '4.1.11' ],
68 silly audit   '@tanstack/react-virtual': [ '3.11.3' ],
68 silly audit   '@tanstack/virtual-core': [ '3.11.3' ],
68 silly audit   '@tybys/wasm-util': [ '0.10.1' ],
68 silly audit   '@types/estree': [ '1.0.8' ],
68 silly audit   '@types/geojson': [ '7946.0.16' ],
68 silly audit   '@types/geojson-vt': [ '3.2.5' ],
68 silly audit   '@types/json-schema': [ '7.0.15' ],
68 silly audit   '@types/json5': [ '0.0.29' ],
68 silly audit   '@types/leaflet': [ '1.9.12' ],
68 silly audit   '@types/node': [ '20.5.7' ],
68 silly audit   '@types/prop-types': [ '15.7.15' ],
68 silly audit   '@types/react': [ '18.3.3' ],
68 silly audit   '@types/react-dom': [ '18.3.0' ],
68 silly audit   '@types/supercluster': [ '7.1.3' ],
68 silly audit   '@typescript-eslint/eslint-plugin': [ '8.34.1' ],
68 silly audit   '@typescript-eslint/parser': [ '8.34.1' ],
68 silly audit   '@typescript-eslint/project-service': [ '8.34.1' ],
68 silly audit   '@typescript-eslint/scope-manager': [ '8.34.1' ],
68 silly audit   '@typescript-eslint/tsconfig-utils': [ '8.34.1' ],
68 silly audit   '@typescript-eslint/type-utils': [ '8.34.1' ],
68 silly audit   '@typescript-eslint/types': [ '8.34.1' ],
68 silly audit   '@typescript-eslint/typescript-estree': [ '8.34.1' ],
68 silly audit   'fast-glob': [ '3.3.3', '3.3.1' ],
68 silly audit   'glob-parent': [ '5.1.2', '6.0.2' ],
68 silly audit   '@typescript-eslint/utils': [ '8.34.1' ],
68 silly audit   '@typescript-eslint/visitor-keys': [ '8.34.1' ],
68 silly audit   'eslint-visitor-keys': [ '4.2.1', '1.3.0', '3.4.3' ],
68 silly audit   '@unrs/resolver-binding-android-arm-eabi': [ '1.11.1' ],
68 silly audit   '@unrs/resolver-binding-android-arm64': [ '1.11.1' ],
68 silly audit   '@unrs/resolver-binding-darwin-arm64': [ '1.11.1' ],
68 silly audit   '@unrs/resolver-binding-darwin-x64': [ '1.11.1' ],
68 silly audit   '@unrs/resolver-binding-freebsd-x64': [ '1.11.1' ],
68 silly audit   '@unrs/resolver-binding-linux-arm-gnueabihf': [ '1.11.1' ],
68 silly audit   '@unrs/resolver-binding-linux-arm-musleabihf': [ '1.11.1' ],
68 silly audit   '@unrs/resolver-binding-linux-arm64-gnu': [ '1.11.1' ],
68 silly audit   '@unrs/resolver-binding-linux-arm64-musl': [ '1.11.1' ],
68 silly audit   '@unrs/resolver-binding-linux-ppc64-gnu': [ '1.11.1' ],
68 silly audit   '@unrs/resolver-binding-linux-riscv64-gnu': [ '1.11.1' ],
68 silly audit   '@unrs/resolver-binding-linux-riscv64-musl': [ '1.11.1' ],
68 silly audit   '@unrs/resolver-binding-linux-s390x-gnu': [ '1.11.1' ],
68 silly audit   '@unrs/resolver-binding-linux-x64-gnu': [ '1.11.1' ],
68 silly audit   '@unrs/resolver-binding-linux-x64-musl': [ '1.11.1' ],
68 silly audit   '@unrs/resolver-binding-wasm32-wasi': [ '1.11.1' ],
68 silly audit   '@unrs/resolver-binding-win32-arm64-msvc': [ '1.11.1' ],
68 silly audit   '@unrs/resolver-binding-win32-ia32-msvc': [ '1.11.1' ],
68 silly audit   '@unrs/resolver-binding-win32-x64-msvc': [ '1.11.1' ],
68 silly audit   '@vis.gl/react-mapbox': [ '8.1.0' ],
68 silly audit   '@vis.gl/react-maplibre': [ '8.1.0' ],
68 silly audit   'json-stringify-pretty-compact': [ '3.0.0', '4.0.0' ],
68 silly audit   acorn: [ '8.15.0' ],
68 silly audit   'acorn-jsx': [ '5.3.2' ],
68 silly audit   ajv: [ '6.12.6' ],
68 silly audit   'ansi-styles': [ '4.3.0' ],
68 silly audit   argparse: [ '2.0.1' ],
68 silly audit   'aria-query': [ '5.3.2' ],
68 silly audit   'arr-union': [ '3.1.0' ],
68 silly audit   'array-buffer-byte-length': [ '1.0.2' ],
68 silly audit   'array-includes': [ '3.1.9' ],
68 silly audit   'array.prototype.findlast': [ '1.2.5' ],
68 silly audit   'array.prototype.findlastindex': [ '1.2.6' ],
68 silly audit   'array.prototype.flat': [ '1.3.3' ],
68 silly audit   'array.prototype.flatmap': [ '1.3.3' ],
68 silly audit   'array.prototype.tosorted': [ '1.1.4' ],
68 silly audit   'arraybuffer.prototype.slice': [ '1.0.4' ],
68 silly audit   'assign-symbols': [ '1.0.0' ],
68 silly audit   'ast-types-flow': [ '0.0.8' ],
68 silly audit   'async-function': [ '1.0.0' ],
68 silly audit   'available-typed-arrays': [ '1.0.7' ],
68 silly audit   'axe-core': [ '4.11.0' ],
68 silly audit   'axobject-query': [ '4.1.0' ],
68 silly audit   'balanced-match': [ '1.0.2' ],
68 silly audit   braces: [ '3.0.3' ],
68 silly audit   busboy: [ '1.6.0' ],
68 silly audit   bytewise: [ '1.1.0' ],
68 silly audit   'bytewise-core': [ '1.2.3' ],
68 silly audit   c12: [ '3.1.0' ],
68 silly audit   'call-bind': [ '1.0.8' ],
68 silly audit   'call-bind-apply-helpers': [ '1.0.2' ],
68 silly audit   'call-bound': [ '1.0.4' ],
68 silly audit   callsites: [ '3.1.0' ],
68 silly audit   'caniuse-lite': [ '1.0.30001749' ],
68 silly audit   chalk: [ '4.1.2' ],
68 silly audit   chokidar: [ '4.0.3' ],
68 silly audit   chownr: [ '3.0.0' ],
68 silly audit   citty: [ '0.1.6' ],
68 silly audit   'client-only': [ '0.0.1' ],
68 silly audit   color: [ '4.2.3' ],
68 silly audit   'color-convert': [ '2.0.1' ],
68 silly audit   'color-name': [ '1.1.4' ],
68 silly audit   'color-string': [ '1.9.1' ],
68 silly audit   color2k: [ '2.0.3' ],
68 silly audit   'compute-scroll-into-view': [ '3.1.1' ],
68 silly audit   'concat-map': [ '0.0.1' ],
68 silly audit   confbox: [ '0.2.2' ],
68 silly audit   consola: [ '3.4.2' ],
68 silly audit   'cross-spawn': [ '7.0.6' ],
68 silly audit   csstype: [ '3.1.3' ],
68 silly audit   'damerau-levenshtein': [ '1.0.8' ],
68 silly audit   'data-view-buffer': [ '1.0.2' ],
68 silly audit   'data-view-byte-length': [ '1.0.2' ],
68 silly audit   'data-view-byte-offset': [ '1.0.1' ],
68 silly audit   debug: [ '4.4.3', '3.2.7' ],
68 silly audit   'decimal.js': [ '10.6.0' ],
68 silly audit   'deep-is': [ '0.1.4' ],
68 silly audit   deepmerge: [ '4.3.1' ],
68 silly audit   'deepmerge-ts': [ '7.1.5' ],
68 silly audit   'define-data-property': [ '1.1.4' ],
68 silly audit   'define-properties': [ '1.2.1' ],
68 silly audit   defu: [ '6.1.4' ],
68 silly audit   destr: [ '2.0.5' ],
68 silly audit   'detect-libc': [ '2.1.2' ],
68 silly audit   doctrine: [ '2.1.0' ],
68 silly audit   dotenv: [ '16.6.1' ],
68 silly audit   'dunder-proto': [ '1.0.1' ],
68 silly audit   earcut: [ '3.0.2' ],
68 silly audit   effect: [ '3.16.12' ],
68 silly audit   'emoji-regex': [ '9.2.2' ],
68 silly audit   empathic: [ '2.0.0' ],
68 silly audit   'enhanced-resolve': [ '5.18.3' ],
68 silly audit   'es-abstract': [ '1.24.0' ],
68 silly audit   'es-define-property': [ '1.0.1' ],
68 silly audit   'es-errors': [ '1.3.0' ],
68 silly audit   'es-iterator-helpers': [ '1.2.1' ],
68 silly audit   'es-object-atoms': [ '1.1.1' ],
68 silly audit   'es-set-tostringtag': [ '2.1.0' ],
68 silly audit   'es-shim-unscopables': [ '1.1.0' ],
68 silly audit   'es-to-primitive': [ '1.3.0' ],
68 silly audit   'escape-string-regexp': [ '4.0.0' ],
68 silly audit   eslint: [ '9.25.1' ],
68 silly audit   'eslint-config-next': [ '15.3.4' ],
68 silly audit   'eslint-config-prettier': [ '9.1.0' ],
68 silly audit   'eslint-import-resolver-node': [ '0.3.9' ],
68 silly audit   'eslint-import-resolver-typescript': [ '3.10.1' ],
68 silly audit   'eslint-module-utils': [ '2.12.1' ],
68 silly audit   'eslint-plugin-es': [ '3.0.1' ],
68 silly audit   'eslint-plugin-import': [ '2.31.0' ],
68 silly audit   semver: [ '6.3.1', '7.7.3' ],
68 silly audit   'eslint-plugin-jsx-a11y': [ '6.10.2' ],
68 silly audit   'eslint-plugin-node': [ '11.1.0' ],
68 silly audit   'eslint-plugin-prettier': [ '5.2.1' ],
68 silly audit   'eslint-plugin-react': [ '7.37.5' ],
68 silly audit   'eslint-plugin-react-hooks': [ '5.2.0' ],
68 silly audit   resolve: [ '2.0.0-next.5', '1.22.10' ],
68 silly audit   'eslint-plugin-unused-imports': [ '4.1.4' ],
68 silly audit   'eslint-scope': [ '8.4.0' ],
68 silly audit   'eslint-utils': [ '2.1.0' ],
68 silly audit   espree: [ '10.4.0' ],
68 silly audit   esquery: [ '1.6.0' ],
68 silly audit   esrecurse: [ '4.3.0' ],
68 silly audit   estraverse: [ '5.3.0' ],
68 silly audit   esutils: [ '2.0.3' ],
68 silly audit   exsolve: [ '1.0.7' ],
68 silly audit   'extend-shallow': [ '2.0.1', '3.0.2' ],
68 silly audit   'fast-check': [ '3.23.2' ],
68 silly audit   'fast-deep-equal': [ '3.1.3' ],
68 silly audit   'fast-diff': [ '1.3.0' ],
68 silly audit   'fast-json-stable-stringify': [ '2.1.0' ],
68 silly audit   'fast-levenshtein': [ '2.0.6' ],
68 silly audit   fastq: [ '1.19.1' ],
68 silly audit   'file-entry-cache': [ '8.0.0' ],
68 silly audit   'fill-range': [ '7.1.1' ],
68 silly audit   'find-up': [ '5.0.0' ],
68 silly audit   flat: [ '5.0.2' ],
68 silly audit   'flat-cache': [ '4.0.1' ],
68 silly audit   flatted: [ '3.3.3' ],
68 silly audit   'for-each': [ '0.3.5' ],
68 silly audit   'framer-motion': [ '11.18.2' ],
68 silly audit   'function-bind': [ '1.1.2' ],
68 silly audit   'function.prototype.name': [ '1.1.8' ],
68 silly audit   'functions-have-names': [ '1.2.3' ],
68 silly audit   'generator-function': [ '2.0.1' ],
68 silly audit   'geojson-vt': [ '4.0.2' ],
68 silly audit   'get-intrinsic': [ '1.3.0' ],
68 silly audit   'get-proto': [ '1.0.1' ],
68 silly audit   'get-stream': [ '6.0.1' ],
68 silly audit   'get-symbol-description': [ '1.1.0' ],
68 silly audit   'get-tsconfig': [ '4.12.0' ],
68 silly audit   'get-value': [ '2.0.6' ],
68 silly audit   giget: [ '2.0.0' ],
68 silly audit   'gl-matrix': [ '3.4.4' ],
68 silly audit   globalthis: [ '1.0.4' ],
68 silly audit   gopd: [ '1.2.0' ],
68 silly audit   'graceful-fs': [ '4.2.11' ],
68 silly audit   graphemer: [ '1.4.0' ],
68 silly audit   'has-bigints': [ '1.1.0' ],
68 silly audit   'has-flag': [ '4.0.0' ],
68 silly audit   'has-property-descriptors': [ '1.0.2' ],
68 silly audit   'has-proto': [ '1.2.0' ],
68 silly audit   'has-symbols': [ '1.1.0' ],
68 silly audit   'has-tostringtag': [ '1.0.2' ],
68 silly audit   hasown: [ '2.0.2' ],
68 silly audit   'import-fresh': [ '3.3.1' ],
68 silly audit   imurmurhash: [ '0.1.4' ],
68 silly audit   'input-otp': [ '1.4.1' ],
68 silly audit   'internal-slot': [ '1.1.0' ],
68 silly audit   'intl-messageformat': [ '10.7.16' ],
68 silly audit   'is-array-buffer': [ '3.0.5' ],
68 silly audit   'is-arrayish': [ '0.3.4' ],
68 silly audit   'is-async-function': [ '2.1.1' ],
68 silly audit   'is-bigint': [ '1.1.0' ],
68 silly audit   'is-boolean-object': [ '1.2.2' ],
68 silly audit   'is-bun-module': [ '2.0.0' ],
68 silly audit   'is-callable': [ '1.2.7' ],
68 silly audit   'is-core-module': [ '2.16.1' ],
68 silly audit   'is-data-view': [ '1.0.2' ],
68 silly audit   'is-date-object': [ '1.1.0' ],
68 silly audit   'is-extendable': [ '0.1.1', '1.0.1' ],
68 silly audit   'is-extglob': [ '2.1.1' ],
68 silly audit   'is-finalizationregistry': [ '1.1.1' ],
68 silly audit   'is-generator-function': [ '1.1.2' ],
68 silly audit   'is-glob': [ '4.0.3' ],
68 silly audit   'is-map': [ '2.0.3' ],
68 silly audit   'is-negative-zero': [ '2.0.3' ],
68 silly audit   'is-number': [ '7.0.0' ],
68 silly audit   'is-number-object': [ '1.1.1' ],
68 silly audit   'is-plain-object': [ '2.0.4' ],
68 silly audit   'is-regex': [ '1.2.1' ],
68 silly audit   'is-set': [ '2.0.3' ],
68 silly audit   'is-shared-array-buffer': [ '1.0.4' ],
68 silly audit   'is-string': [ '1.1.1' ],
68 silly audit   'is-symbol': [ '1.1.1' ],
68 silly audit   'is-typed-array': [ '1.1.15' ],
68 silly audit   'is-weakmap': [ '2.0.2' ],
68 silly audit   'is-weakref': [ '1.1.1' ],
68 silly audit   'is-weakset': [ '2.0.4' ],
68 silly audit   isarray: [ '2.0.5' ],
68 silly audit   isexe: [ '2.0.0' ],
68 silly audit   isobject: [ '3.0.1' ],
68 silly audit   'iterator.prototype': [ '1.1.5' ],
68 silly audit   jiti: [ '2.6.1' ],
68 silly audit   'js-tokens': [ '4.0.0' ],
68 silly audit   'js-yaml': [ '4.1.0' ],
68 silly audit   'json-buffer': [ '3.0.1' ],
68 silly audit   'json-schema-traverse': [ '0.4.1' ],
68 silly audit   'json-stable-stringify-without-jsonify': [ '1.0.1' ],
68 silly audit   json5: [ '1.0.2' ],
68 silly audit   'jsx-ast-utils': [ '3.3.5' ],
68 silly audit   kdbush: [ '4.0.2' ],
68 silly audit   keyv: [ '4.5.4' ],
68 silly audit   'language-subtag-registry': [ '0.3.23' ],
68 silly audit   'language-tags': [ '1.0.9' ],
68 silly audit   leaflet: [ '1.9.4' ],
68 silly audit   levn: [ '0.4.1' ],
68 silly audit   lightningcss: [ '1.30.1' ],
68 silly audit   'lightningcss-darwin-arm64': [ '1.30.1' ],
68 silly audit   'lightningcss-darwin-x64': [ '1.30.1' ],
68 silly audit   'lightningcss-freebsd-x64': [ '1.30.1' ],
68 silly audit   'lightningcss-linux-arm-gnueabihf': [ '1.30.1' ],
68 silly audit   'lightningcss-linux-arm64-gnu': [ '1.30.1' ],
68 silly audit   'lightningcss-linux-arm64-musl': [ '1.30.1' ],
68 silly audit   'lightningcss-linux-x64-gnu': [ '1.30.1' ],
68 silly audit   'lightningcss-linux-x64-musl': [ '1.30.1' ],
68 silly audit   'lightningcss-win32-arm64-msvc': [ '1.30.1' ],
68 silly audit   'lightningcss-win32-x64-msvc': [ '1.30.1' ],
68 silly audit   'locate-path': [ '6.0.0' ],
68 silly audit   'lodash.merge': [ '4.6.2' ],
68 silly audit   'loose-envify': [ '1.4.0' ],
68 silly audit   'lucide-react': [ '0.545.0' ],
68 silly audit   'magic-string': [ '0.30.19' ],
68 silly audit   'maplibre-gl': [ '5.9.0' ],
68 silly audit   'math-intrinsics': [ '1.1.0' ],
68 silly audit   merge2: [ '1.4.1' ],
68 silly audit   micromatch: [ '4.0.8' ],
68 silly audit   minimist: [ '1.2.8' ],
68 silly audit   minipass: [ '7.1.2' ],
68 silly audit   minizlib: [ '3.1.0' ],
68 silly audit   'motion-dom': [ '11.18.1' ],
68 silly audit   'motion-utils': [ '11.18.1' ],
68 silly audit   ms: [ '2.1.3' ],
68 silly audit   'murmurhash-js': [ '1.0.0' ],
68 silly audit   nanoid: [ '3.3.11' ],
68 silly audit   'napi-postinstall': [ '0.3.4' ],
68 silly audit   'natural-compare': [ '1.4.0' ],
68 silly audit   next: [ '15.3.1' ],
68 silly audit   'next-themes': [ '0.4.6' ],
68 silly audit   postcss: [ '8.4.31', '8.5.6' ],
68 silly audit   'node-fetch-native': [ '1.6.7' ],
68 silly audit   nypm: [ '0.6.2' ],
68 silly audit   'object-assign': [ '4.1.1' ],
68 silly audit   'object-inspect': [ '1.13.4' ],
68 silly audit   'object-keys': [ '1.1.1' ],
68 silly audit   'object.assign': [ '4.1.7' ],
68 silly audit   'object.entries': [ '1.1.9' ],
68 silly audit   'object.fromentries': [ '2.0.8' ],
68 silly audit   'object.groupby': [ '1.0.3' ],
68 silly audit   'object.values': [ '1.2.1' ],
68 silly audit   ohash: [ '2.0.11' ],
68 silly audit   optionator: [ '0.9.4' ],
68 silly audit   'own-keys': [ '1.0.1' ],
68 silly audit   'p-limit': [ '3.1.0' ],
68 silly audit   'p-locate': [ '5.0.0' ],
68 silly audit   'parent-module': [ '1.0.1' ],
68 silly audit   'path-exists': [ '4.0.0' ],
68 silly audit   'path-key': [ '3.1.1' ],
68 silly audit   'path-parse': [ '1.0.7' ],
68 silly audit   pathe: [ '2.0.3' ],
68 silly audit   pbf: [ '4.0.1' ],
68 silly audit   'perfect-debounce': [ '1.0.0' ],
68 silly audit   picocolors: [ '1.1.1' ],
68 silly audit   picomatch: [ '2.3.1', '4.0.3' ],
68 silly audit   'pkg-types': [ '2.3.0' ],
68 silly audit   'possible-typed-array-names': [ '1.1.0' ],
68 silly audit   potpack: [ '2.1.0' ],
68 silly audit   'prelude-ls': [ '1.2.1' ],
68 silly audit   prettier: [ '3.5.3' ],
68 silly audit   'prettier-linter-helpers': [ '1.0.0' ],
68 silly audit   prisma: [ '6.17.1' ],
68 silly audit   'prop-types': [ '15.8.1' ],
68 silly audit   'protocol-buffers-schema': [ '3.6.0' ],
68 silly audit   punycode: [ '2.3.1' ],
68 silly audit   'pure-rand': [ '6.1.0' ],
68 silly audit   'queue-microtask': [ '1.2.3' ],
68 silly audit   quickselect: [ '3.0.0' ],
68 silly audit   rc9: [ '2.1.2' ],
68 silly audit   react: [ '18.3.1' ],
68 silly audit   'react-dom': [ '18.3.1' ],
68 silly audit   'react-h5-audio-player': [ '3.10.1' ],
68 silly audit   'react-icons': [ '5.5.0' ],
68 silly audit   'react-is': [ '16.13.1' ],
68 silly audit   'react-leaflet': [ '4.2.1' ],
68 silly audit   'react-map-gl': [ '8.1.0' ],
68 silly audit   'react-textarea-autosize': [ '8.5.9' ],
68 silly audit   readdirp: [ '4.1.2' ],
68 silly audit   'reflect.getprototypeof': [ '1.0.10' ],
68 silly audit   'regexp.prototype.flags': [ '1.5.4' ],
68 silly audit   regexpp: [ '3.2.0' ],
68 silly audit   'resolve-from': [ '4.0.0' ],
68 silly audit   'resolve-pkg-maps': [ '1.0.0' ],
68 silly audit   'resolve-protobuf-schema': [ '2.1.0' ],
68 silly audit   reusify: [ '1.1.0' ],
68 silly audit   'run-parallel': [ '1.2.0' ],
68 silly audit   rw: [ '1.3.3' ],
68 silly audit   'safe-array-concat': [ '1.1.3' ],
68 silly audit   'safe-push-apply': [ '1.0.0' ],
68 silly audit   'safe-regex-test': [ '1.1.0' ],
68 silly audit   scheduler: [ '0.23.2' ],
68 silly audit   'scroll-into-view-if-needed': [ '3.0.10' ],
68 silly audit   'set-function-length': [ '1.2.2' ],
68 silly audit   'set-function-name': [ '2.0.2' ],
68 silly audit   'set-proto': [ '1.0.0' ],
68 silly audit   'set-value': [ '2.0.1' ],
68 silly audit   sharp: [ '0.34.4' ],
68 silly audit   'shebang-command': [ '2.0.0' ],
68 silly audit   'shebang-regex': [ '3.0.0' ],
68 silly audit   'side-channel': [ '1.1.0' ],
68 silly audit   'side-channel-list': [ '1.0.0' ],
68 silly audit   'side-channel-map': [ '1.0.1' ],
68 silly audit   'side-channel-weakmap': [ '1.0.2' ],
68 silly audit   'simple-swizzle': [ '0.2.4' ],
68 silly audit   'sort-asc': [ '0.2.0' ],
68 silly audit   'sort-desc': [ '0.2.0' ],
68 silly audit   'sort-object': [ '3.0.3' ],
68 silly audit   'source-map-js': [ '1.2.1' ],
68 silly audit   'split-string': [ '3.1.0' ],
68 silly audit   'stable-hash': [ '0.0.5' ],
68 silly audit   'stop-iteration-iterator': [ '1.1.0' ],
68 silly audit   streamsearch: [ '1.1.0' ],
68 silly audit   'string.prototype.includes': [ '2.0.1' ],
68 silly audit   'string.prototype.matchall': [ '4.0.12' ],
68 silly audit   'string.prototype.repeat': [ '1.0.0' ],
68 silly audit   'string.prototype.trim': [ '1.2.10' ],
68 silly audit   'string.prototype.trimend': [ '1.0.9' ],
68 silly audit   'string.prototype.trimstart': [ '1.0.8' ],
68 silly audit   'strip-bom': [ '3.0.0' ],
68 silly audit   'strip-json-comments': [ '3.1.1' ],
68 silly audit   'styled-jsx': [ '5.1.6' ],
68 silly audit   supercluster: [ '8.0.1' ],
68 silly audit   'supports-color': [ '7.2.0' ],
68 silly audit   'supports-preserve-symlinks-flag': [ '1.0.0' ],
68 silly audit   synckit: [ '0.9.3' ],
68 silly audit   'tailwind-merge': [ '3.3.1' ],
68 silly audit   'tailwind-variants': [ '3.1.1' ],
68 silly audit   tailwindcss: [ '4.1.11' ],
68 silly audit   tapable: [ '2.3.0' ],
68 silly audit   tar: [ '7.5.1' ],
68 silly audit   tinyexec: [ '1.0.1' ],
68 silly audit   tinyglobby: [ '0.2.15' ],
68 silly audit   fdir: [ '6.5.0' ],
68 silly audit   tinyqueue: [ '3.0.0' ],
68 silly audit   'to-regex-range': [ '5.0.1' ],
68 silly audit   'ts-api-utils': [ '2.1.0' ],
68 silly audit   'tsconfig-paths': [ '3.15.0' ],
68 silly audit   tslib: [ '2.8.1' ],
68 silly audit   'type-check': [ '0.4.0' ],
68 silly audit   'typed-array-buffer': [ '1.0.3' ],
68 silly audit   'typed-array-byte-length': [ '1.0.3' ],
68 silly audit   'typed-array-byte-offset': [ '1.0.4' ],
68 silly audit   'typed-array-length': [ '1.0.7' ],
68 silly audit   typescript: [ '5.6.3' ],
68 silly audit   typewise: [ '1.0.3' ],
68 silly audit   'typewise-core': [ '1.2.0' ],
68 silly audit   'unbox-primitive': [ '1.1.0' ],
68 silly audit   'union-value': [ '1.0.1' ],
68 silly audit   'unrs-resolver': [ '1.11.1' ],
68 silly audit   'uri-js': [ '4.4.1' ],
68 silly audit   'use-composed-ref': [ '1.4.0' ],
68 silly audit   'use-isomorphic-layout-effect': [ '1.2.1' ],
68 silly audit   'use-latest': [ '1.3.0' ],
68 silly audit   'use-sync-external-store': [ '1.6.0' ],
68 silly audit   which: [ '2.0.2' ],
68 silly audit   'which-boxed-primitive': [ '1.1.1' ],
68 silly audit   'which-builtin-type': [ '1.2.1' ],
68 silly audit   'which-collection': [ '1.0.2' ],
68 silly audit   'which-typed-array': [ '1.1.19' ],
68 silly audit   'word-wrap': [ '1.2.5' ],
68 silly audit   yallist: [ '5.0.0' ],
68 silly audit   'yocto-queue': [ '0.1.0' ],
68 silly audit   xlsx: [ '0.18.5' ],
68 silly audit   'adler-32': [ '1.3.1' ],
68 silly audit   cfb: [ '1.2.2' ],
68 silly audit   codepage: [ '1.15.0' ],
68 silly audit   'crc-32': [ '1.2.2' ],
68 silly audit   ssf: [ '0.11.2' ],
68 silly audit   wmf: [ '1.0.2' ],
68 silly audit   word: [ '0.3.0' ],
68 silly audit   frac: [ '1.1.2' ],
68 silly audit   '@tailwindcss/oxide-wasm32-wasi': [ '4.1.11' ]
68 silly audit }
69 verbose reify failed optional dependency /Users/clarkwang/Desktop/CodingMisc/ATCProject/frontend/node_modules/lightningcss-win32-x64-msvc
70 silly reify mark deleted [
70 silly reify   '/Users/clarkwang/Desktop/CodingMisc/ATCProject/frontend/node_modules/lightningcss-win32-x64-msvc'
70 silly reify ]
71 verbose reify failed optional dependency /Users/clarkwang/Desktop/CodingMisc/ATCProject/frontend/node_modules/lightningcss-win32-arm64-msvc
72 silly reify mark deleted [
72 silly reify   '/Users/clarkwang/Desktop/CodingMisc/ATCProject/frontend/node_modules/lightningcss-win32-arm64-msvc'
72 silly reify ]
73 verbose reify failed optional dependency /Users/clarkwang/Desktop/CodingMisc/ATCProject/frontend/node_modules/lightningcss-linux-x64-musl
74 silly reify mark deleted [
74 silly reify   '/Users/clarkwang/Desktop/CodingMisc/ATCProject/frontend/node_modules/lightningcss-linux-x64-musl'
74 silly reify ]
75 verbose reify failed optional dependency /Users/clarkwang/Desktop/CodingMisc/ATCProject/frontend/node_modules/lightningcss-linux-x64-gnu
76 silly reify mark deleted [
76 silly reify   '/Users/clarkwang/Desktop/CodingMisc/ATCProject/frontend/node_modules/lightningcss-linux-x64-gnu'
76 silly reify ]
77 verbose reify failed optional dependency /Users/clarkwang/Desktop/CodingMisc/ATCProject/frontend/node_modules/lightningcss-linux-arm64-musl
78 silly reify mark deleted [
78 silly reify   '/Users/clarkwang/Desktop/CodingMisc/ATCProject/frontend/node_modules/lightningcss-linux-arm64-musl'
78 silly reify ]
79 verbose reify failed optional dependency /Users/clarkwang/Desktop/CodingMisc/ATCProject/frontend/node_modules/lightningcss-linux-arm64-gnu
80 silly reify mark deleted [
80 silly reify   '/Users/clarkwang/Desktop/CodingMisc/ATCProject/frontend/node_modules/lightningcss-linux-arm64-gnu'
80 silly reify ]
81 verbose reify failed optional dependency /Users/clarkwang/Desktop/CodingMisc/ATCProject/frontend/node_modules/lightningcss-linux-arm-gnueabihf
82 silly reify mark deleted [
82 silly reify   '/Users/clarkwang/Desktop/CodingMisc/ATCProject/frontend/node_modules/lightningcss-linux-arm-gnueabihf'
82 silly reify ]
83 verbose reify failed optional dependency /Users/clarkwang/Desktop/CodingMisc/ATCProject/frontend/node_modules/lightningcss-freebsd-x64
84 silly reify mark deleted [
84 silly reify   '/Users/clarkwang/Desktop/CodingMisc/ATCProject/frontend/node_modules/lightningcss-freebsd-x64'
84 silly reify ]
85 verbose reify failed optional dependency /Users/clarkwang/Desktop/CodingMisc/ATCProject/frontend/node_modules/lightningcss-darwin-x64
86 silly reify mark deleted [
86 silly reify   '/Users/clarkwang/Desktop/CodingMisc/ATCProject/frontend/node_modules/lightningcss-darwin-x64'
86 silly reify ]
87 verbose reify failed optional dependency /Users/clarkwang/Desktop/CodingMisc/ATCProject/frontend/node_modules/@unrs/resolver-binding-win32-x64-msvc
88 silly reify mark deleted [
88 silly reify   '/Users/clarkwang/Desktop/CodingMisc/ATCProject/frontend/node_modules/@unrs/resolver-binding-win32-x64-msvc'
88 silly reify ]
89 verbose reify failed optional dependency /Users/clarkwang/Desktop/CodingMisc/ATCProject/frontend/node_modules/@unrs/resolver-binding-win32-ia32-msvc
90 silly reify mark deleted [
90 silly reify   '/Users/clarkwang/Desktop/CodingMisc/ATCProject/frontend/node_modules/@unrs/resolver-binding-win32-ia32-msvc'
90 silly reify ]
91 verbose reify failed optional dependency /Users/clarkwang/Desktop/CodingMisc/ATCProject/frontend/node_modules/@unrs/resolver-binding-win32-arm64-msvc
92 silly reify mark deleted [
92 silly reify   '/Users/clarkwang/Desktop/CodingMisc/ATCProject/frontend/node_modules/@unrs/resolver-binding-win32-arm64-msvc'
92 silly reify ]
93 verbose reify failed optional dependency /Users/clarkwang/Desktop/CodingMisc/ATCProject/frontend/node_modules/@unrs/resolver-binding-wasm32-wasi
94 silly reify mark deleted [
94 silly reify   '/Users/clarkwang/Desktop/CodingMisc/ATCProject/frontend/node_modules/@unrs/resolver-binding-wasm32-wasi'
94 silly reify ]
95 verbose reify failed optional dependency /Users/clarkwang/Desktop/CodingMisc/ATCProject/frontend/node_modules/@unrs/resolver-binding-linux-x64-musl
96 silly reify mark deleted [
96 silly reify   '/Users/clarkwang/Desktop/CodingMisc/ATCProject/frontend/node_modules/@unrs/resolver-binding-linux-x64-musl'
96 silly reify ]
97 verbose reify failed optional dependency /Users/clarkwang/Desktop/CodingMisc/ATCProject/frontend/node_modules/@unrs/resolver-binding-linux-x64-gnu
98 silly reify mark deleted [
98 silly reify   '/Users/clarkwang/Desktop/CodingMisc/ATCProject/frontend/node_modules/@unrs/resolver-binding-linux-x64-gnu'
98 silly reify ]
99 verbose reify failed optional dependency /Users/clarkwang/Desktop/CodingMisc/ATCProject/frontend/node_modules/@unrs/resolver-binding-linux-s390x-gnu
100 silly reify mark deleted [
100 silly reify   '/Users/clarkwang/Desktop/CodingMisc/ATCProject/frontend/node_modules/@unrs/resolver-binding-linux-s390x-gnu'
100 silly reify ]
101 verbose reify failed optional dependency /Users/clarkwang/Desktop/CodingMisc/ATCProject/frontend/node_modules/@unrs/resolver-binding-linux-riscv64-musl
102 silly reify mark deleted [
102 silly reify   '/Users/clarkwang/Desktop/CodingMisc/ATCProject/frontend/node_modules/@unrs/resolver-binding-linux-riscv64-musl'
102 silly reify ]
103 verbose reify failed optional dependency /Users/clarkwang/Desktop/CodingMisc/ATCProject/frontend/node_modules/@unrs/resolver-binding-linux-riscv64-gnu
104 silly reify mark deleted [
104 silly reify   '/Users/clarkwang/Desktop/CodingMisc/ATCProject/frontend/node_modules/@unrs/resolver-binding-linux-riscv64-gnu'
104 silly reify ]
105 verbose reify failed optional dependency /Users/clarkwang/Desktop/CodingMisc/ATCProject/frontend/node_modules/@unrs/resolver-binding-linux-ppc64-gnu
106 silly reify mark deleted [
106 silly reify   '/Users/clarkwang/Desktop/CodingMisc/ATCProject/frontend/node_modules/@unrs/resolver-binding-linux-ppc64-gnu'
106 silly reify ]
107 verbose reify failed optional dependency /Users/clarkwang/Desktop/CodingMisc/ATCProject/frontend/node_modules/@unrs/resolver-binding-linux-arm64-musl
108 silly reify mark deleted [
108 silly reify   '/Users/clarkwang/Desktop/CodingMisc/ATCProject/frontend/node_modules/@unrs/resolver-binding-linux-arm64-musl'
108 silly reify ]
109 verbose reify failed optional dependency /Users/clarkwang/Desktop/CodingMisc/ATCProject/frontend/node_modules/@unrs/resolver-binding-linux-arm64-gnu
110 silly reify mark deleted [
110 silly reify   '/Users/clarkwang/Desktop/CodingMisc/ATCProject/frontend/node_modules/@unrs/resolver-binding-linux-arm64-gnu'
110 silly reify ]
111 verbose reify failed optional dependency /Users/clarkwang/Desktop/CodingMisc/ATCProject/frontend/node_modules/@unrs/resolver-binding-linux-arm-musleabihf
112 silly reify mark deleted [
112 silly reify   '/Users/clarkwang/Desktop/CodingMisc/ATCProject/frontend/node_modules/@unrs/resolver-binding-linux-arm-musleabihf'
112 silly reify ]
113 verbose reify failed optional dependency /Users/clarkwang/Desktop/CodingMisc/ATCProject/frontend/node_modules/@unrs/resolver-binding-linux-arm-gnueabihf
114 silly reify mark deleted [
114 silly reify   '/Users/clarkwang/Desktop/CodingMisc/ATCProject/frontend/node_modules/@unrs/resolver-binding-linux-arm-gnueabihf'
114 silly reify ]
115 verbose reify failed optional dependency /Users/clarkwang/Desktop/CodingMisc/ATCProject/frontend/node_modules/@unrs/resolver-binding-freebsd-x64
116 silly reify mark deleted [
116 silly reify   '/Users/clarkwang/Desktop/CodingMisc/ATCProject/frontend/node_modules/@unrs/resolver-binding-freebsd-x64'
116 silly reify ]
117 verbose reify failed optional dependency /Users/clarkwang/Desktop/CodingMisc/ATCProject/frontend/node_modules/@unrs/resolver-binding-darwin-x64
118 silly reify mark deleted [
118 silly reify   '/Users/clarkwang/Desktop/CodingMisc/ATCProject/frontend/node_modules/@unrs/resolver-binding-darwin-x64'
118 silly reify ]
119 verbose reify failed optional dependency /Users/clarkwang/Desktop/CodingMisc/ATCProject/frontend/node_modules/@unrs/resolver-binding-android-arm64
120 silly reify mark deleted [
120 silly reify   '/Users/clarkwang/Desktop/CodingMisc/ATCProject/frontend/node_modules/@unrs/resolver-binding-android-arm64'
120 silly reify ]
121 verbose reify failed optional dependency /Users/clarkwang/Desktop/CodingMisc/ATCProject/frontend/node_modules/@unrs/resolver-binding-android-arm-eabi
122 silly reify mark deleted [
122 silly reify   '/Users/clarkwang/Desktop/CodingMisc/ATCProject/frontend/node_modules/@unrs/resolver-binding-android-arm-eabi'
122 silly reify ]
123 verbose reify failed optional dependency /Users/clarkwang/Desktop/CodingMisc/ATCProject/frontend/node_modules/@tailwindcss/oxide-win32-x64-msvc
124 silly reify mark deleted [
124 silly reify   '/Users/clarkwang/Desktop/CodingMisc/ATCProject/frontend/node_modules/@tailwindcss/oxide-win32-x64-msvc'
124 silly reify ]
125 verbose reify failed optional dependency /Users/clarkwang/Desktop/CodingMisc/ATCProject/frontend/node_modules/@tailwindcss/oxide-win32-arm64-msvc
126 silly reify mark deleted [
126 silly reify   '/Users/clarkwang/Desktop/CodingMisc/ATCProject/frontend/node_modules/@tailwindcss/oxide-win32-arm64-msvc'
126 silly reify ]
127 verbose reify failed optional dependency /Users/clarkwang/Desktop/CodingMisc/ATCProject/frontend/node_modules/@tailwindcss/oxide-linux-x64-musl
128 silly reify mark deleted [
128 silly reify   '/Users/clarkwang/Desktop/CodingMisc/ATCProject/frontend/node_modules/@tailwindcss/oxide-linux-x64-musl'
128 silly reify ]
129 verbose reify failed optional dependency /Users/clarkwang/Desktop/CodingMisc/ATCProject/frontend/node_modules/@tailwindcss/oxide-linux-x64-gnu
130 silly reify mark deleted [
130 silly reify   '/Users/clarkwang/Desktop/CodingMisc/ATCProject/frontend/node_modules/@tailwindcss/oxide-linux-x64-gnu'
130 silly reify ]
131 verbose reify failed optional dependency /Users/clarkwang/Desktop/CodingMisc/ATCProject/frontend/node_modules/@tailwindcss/oxide-linux-arm64-musl
132 silly reify mark deleted [
132 silly reify   '/Users/clarkwang/Desktop/CodingMisc/ATCProject/frontend/node_modules/@tailwindcss/oxide-linux-arm64-musl'
132 silly reify ]
133 verbose reify failed optional dependency /Users/clarkwang/Desktop/CodingMisc/ATCProject/frontend/node_modules/@tailwindcss/oxide-linux-arm64-gnu
134 silly reify mark deleted [
134 silly reify   '/Users/clarkwang/Desktop/CodingMisc/ATCProject/frontend/node_modules/@tailwindcss/oxide-linux-arm64-gnu'
134 silly reify ]
135 verbose reify failed optional dependency /Users/clarkwang/Desktop/CodingMisc/ATCProject/frontend/node_modules/@tailwindcss/oxide-linux-arm-gnueabihf
136 silly reify mark deleted [
136 silly reify   '/Users/clarkwang/Desktop/CodingMisc/ATCProject/frontend/node_modules/@tailwindcss/oxide-linux-arm-gnueabihf'
136 silly reify ]
137 verbose reify failed optional dependency /Users/clarkwang/Desktop/CodingMisc/ATCProject/frontend/node_modules/@tailwindcss/oxide-freebsd-x64
138 silly reify mark deleted [
138 silly reify   '/Users/clarkwang/Desktop/CodingMisc/ATCProject/frontend/node_modules/@tailwindcss/oxide-freebsd-x64'
138 silly reify ]
139 verbose reify failed optional dependency /Users/clarkwang/Desktop/CodingMisc/ATCProject/frontend/node_modules/@tailwindcss/oxide-darwin-x64
140 silly reify mark deleted [
140 silly reify   '/Users/clarkwang/Desktop/CodingMisc/ATCProject/frontend/node_modules/@tailwindcss/oxide-darwin-x64'
140 silly reify ]
141 verbose reify failed optional dependency /Users/clarkwang/Desktop/CodingMisc/ATCProject/frontend/node_modules/@tailwindcss/oxide-android-arm64
142 silly reify mark deleted [
142 silly reify   '/Users/clarkwang/Desktop/CodingMisc/ATCProject/frontend/node_modules/@tailwindcss/oxide-android-arm64'
142 silly reify ]
143 verbose reify failed optional dependency /Users/clarkwang/Desktop/CodingMisc/ATCProject/frontend/node_modules/@next/swc-win32-x64-msvc
144 silly reify mark deleted [
144 silly reify   '/Users/clarkwang/Desktop/CodingMisc/ATCProject/frontend/node_modules/@next/swc-win32-x64-msvc'
144 silly reify ]
145 verbose reify failed optional dependency /Users/clarkwang/Desktop/CodingMisc/ATCProject/frontend/node_modules/@next/swc-win32-arm64-msvc
146 silly reify mark deleted [
146 silly reify   '/Users/clarkwang/Desktop/CodingMisc/ATCProject/frontend/node_modules/@next/swc-win32-arm64-msvc'
146 silly reify ]
147 verbose reify failed optional dependency /Users/clarkwang/Desktop/CodingMisc/ATCProject/frontend/node_modules/@next/swc-linux-x64-musl
148 silly reify mark deleted [
148 silly reify   '/Users/clarkwang/Desktop/CodingMisc/ATCProject/frontend/node_modules/@next/swc-linux-x64-musl'
148 silly reify ]
149 verbose reify failed optional dependency /Users/clarkwang/Desktop/CodingMisc/ATCProject/frontend/node_modules/@next/swc-linux-x64-gnu
150 silly reify mark deleted [
150 silly reify   '/Users/clarkwang/Desktop/CodingMisc/ATCProject/frontend/node_modules/@next/swc-linux-x64-gnu'
150 silly reify ]
151 verbose reify failed optional dependency /Users/clarkwang/Desktop/CodingMisc/ATCProject/frontend/node_modules/@next/swc-linux-arm64-musl
152 silly reify mark deleted [
152 silly reify   '/Users/clarkwang/Desktop/CodingMisc/ATCProject/frontend/node_modules/@next/swc-linux-arm64-musl'
152 silly reify ]
153 verbose reify failed optional dependency /Users/clarkwang/Desktop/CodingMisc/ATCProject/frontend/node_modules/@next/swc-linux-arm64-gnu
154 silly reify mark deleted [
154 silly reify   '/Users/clarkwang/Desktop/CodingMisc/ATCProject/frontend/node_modules/@next/swc-linux-arm64-gnu'
154 silly reify ]
155 verbose reify failed optional dependency /Users/clarkwang/Desktop/CodingMisc/ATCProject/frontend/node_modules/@next/swc-darwin-x64
156 silly reify mark deleted [
156 silly reify   '/Users/clarkwang/Desktop/CodingMisc/ATCProject/frontend/node_modules/@next/swc-darwin-x64'
156 silly reify ]
157 verbose reify failed optional dependency /Users/clarkwang/Desktop/CodingMisc/ATCProject/frontend/node_modules/@img/sharp-win32-x64
158 silly reify mark deleted [
158 silly reify   '/Users/clarkwang/Desktop/CodingMisc/ATCProject/frontend/node_modules/@img/sharp-win32-x64'
158 silly reify ]
159 verbose reify failed optional dependency /Users/clarkwang/Desktop/CodingMisc/ATCProject/frontend/node_modules/@img/sharp-win32-ia32
160 silly reify mark deleted [
160 silly reify   '/Users/clarkwang/Desktop/CodingMisc/ATCProject/frontend/node_modules/@img/sharp-win32-ia32'
160 silly reify ]
161 verbose reify failed optional dependency /Users/clarkwang/Desktop/CodingMisc/ATCProject/frontend/node_modules/@img/sharp-win32-arm64
162 silly reify mark deleted [
162 silly reify   '/Users/clarkwang/Desktop/CodingMisc/ATCProject/frontend/node_modules/@img/sharp-win32-arm64'
162 silly reify ]
163 verbose reify failed optional dependency /Users/clarkwang/Desktop/CodingMisc/ATCProject/frontend/node_modules/@img/sharp-wasm32
164 silly reify mark deleted [
164 silly reify   '/Users/clarkwang/Desktop/CodingMisc/ATCProject/frontend/node_modules/@img/sharp-wasm32'
164 silly reify ]
165 verbose reify failed optional dependency /Users/clarkwang/Desktop/CodingMisc/ATCProject/frontend/node_modules/@img/sharp-linuxmusl-x64
166 silly reify mark deleted [
166 silly reify   '/Users/clarkwang/Desktop/CodingMisc/ATCProject/frontend/node_modules/@img/sharp-linuxmusl-x64'
166 silly reify ]
167 verbose reify failed optional dependency /Users/clarkwang/Desktop/CodingMisc/ATCProject/frontend/node_modules/@img/sharp-linuxmusl-arm64
168 silly reify mark deleted [
168 silly reify   '/Users/clarkwang/Desktop/CodingMisc/ATCProject/frontend/node_modules/@img/sharp-linuxmusl-arm64'
168 silly reify ]
169 verbose reify failed optional dependency /Users/clarkwang/Desktop/CodingMisc/ATCProject/frontend/node_modules/@img/sharp-linux-x64
170 silly reify mark deleted [
170 silly reify   '/Users/clarkwang/Desktop/CodingMisc/ATCProject/frontend/node_modules/@img/sharp-linux-x64'
170 silly reify ]
171 verbose reify failed optional dependency /Users/clarkwang/Desktop/CodingMisc/ATCProject/frontend/node_modules/@img/sharp-linux-s390x
172 silly reify mark deleted [
172 silly reify   '/Users/clarkwang/Desktop/CodingMisc/ATCProject/frontend/node_modules/@img/sharp-linux-s390x'
172 silly reify ]
173 verbose reify failed optional dependency /Users/clarkwang/Desktop/CodingMisc/ATCProject/frontend/node_modules/@img/sharp-linux-ppc64
174 silly reify mark deleted [
174 silly reify   '/Users/clarkwang/Desktop/CodingMisc/ATCProject/frontend/node_modules/@img/sharp-linux-ppc64'
174 silly reify ]
175 verbose reify failed optional dependency /Users/clarkwang/Desktop/CodingMisc/ATCProject/frontend/node_modules/@img/sharp-linux-arm64
176 silly reify mark deleted [
176 silly reify   '/Users/clarkwang/Desktop/CodingMisc/ATCProject/frontend/node_modules/@img/sharp-linux-arm64'
176 silly reify ]
177 verbose reify failed optional dependency /Users/clarkwang/Desktop/CodingMisc/ATCProject/frontend/node_modules/@img/sharp-linux-arm
178 silly reify mark deleted [
178 silly reify   '/Users/clarkwang/Desktop/CodingMisc/ATCProject/frontend/node_modules/@img/sharp-linux-arm'
178 silly reify ]
179 verbose reify failed optional dependency /Users/clarkwang/Desktop/CodingMisc/ATCProject/frontend/node_modules/@img/sharp-libvips-linuxmusl-x64
180 silly reify mark deleted [
180 silly reify   '/Users/clarkwang/Desktop/CodingMisc/ATCProject/frontend/node_modules/@img/sharp-libvips-linuxmusl-x64'
180 silly reify ]
181 verbose reify failed optional dependency /Users/clarkwang/Desktop/CodingMisc/ATCProject/frontend/node_modules/@img/sharp-libvips-linuxmusl-arm64
182 silly reify mark deleted [
182 silly reify   '/Users/clarkwang/Desktop/CodingMisc/ATCProject/frontend/node_modules/@img/sharp-libvips-linuxmusl-arm64'
182 silly reify ]
183 verbose reify failed optional dependency /Users/clarkwang/Desktop/CodingMisc/ATCProject/frontend/node_modules/@img/sharp-libvips-linux-x64
184 silly reify mark deleted [
184 silly reify   '/Users/clarkwang/Desktop/CodingMisc/ATCProject/frontend/node_modules/@img/sharp-libvips-linux-x64'
184 silly reify ]
185 verbose reify failed optional dependency /Users/clarkwang/Desktop/CodingMisc/ATCProject/frontend/node_modules/@img/sharp-libvips-linux-s390x
186 silly reify mark deleted [
186 silly reify   '/Users/clarkwang/Desktop/CodingMisc/ATCProject/frontend/node_modules/@img/sharp-libvips-linux-s390x'
186 silly reify ]
187 verbose reify failed optional dependency /Users/clarkwang/Desktop/CodingMisc/ATCProject/frontend/node_modules/@img/sharp-libvips-linux-ppc64
188 silly reify mark deleted [
188 silly reify   '/Users/clarkwang/Desktop/CodingMisc/ATCProject/frontend/node_modules/@img/sharp-libvips-linux-ppc64'
188 silly reify ]
189 verbose reify failed optional dependency /Users/clarkwang/Desktop/CodingMisc/ATCProject/frontend/node_modules/@img/sharp-libvips-linux-arm64
190 silly reify mark deleted [
190 silly reify   '/Users/clarkwang/Desktop/CodingMisc/ATCProject/frontend/node_modules/@img/sharp-libvips-linux-arm64'
190 silly reify ]
191 verbose reify failed optional dependency /Users/clarkwang/Desktop/CodingMisc/ATCProject/frontend/node_modules/@img/sharp-libvips-linux-arm
192 silly reify mark deleted [
192 silly reify   '/Users/clarkwang/Desktop/CodingMisc/ATCProject/frontend/node_modules/@img/sharp-libvips-linux-arm'
192 silly reify ]
193 verbose reify failed optional dependency /Users/clarkwang/Desktop/CodingMisc/ATCProject/frontend/node_modules/@img/sharp-libvips-darwin-x64
194 silly reify mark deleted [
194 silly reify   '/Users/clarkwang/Desktop/CodingMisc/ATCProject/frontend/node_modules/@img/sharp-libvips-darwin-x64'
194 silly reify ]
195 verbose reify failed optional dependency /Users/clarkwang/Desktop/CodingMisc/ATCProject/frontend/node_modules/@img/sharp-darwin-x64
196 silly reify mark deleted [
196 silly reify   '/Users/clarkwang/Desktop/CodingMisc/ATCProject/frontend/node_modules/@img/sharp-darwin-x64'
196 silly reify ]
197 silly tarball no local data for frac@https://registry.npmjs.org/frac/-/frac-1.1.2.tgz. Extracting by manifest.
198 silly tarball no local data for wmf@https://registry.npmjs.org/wmf/-/wmf-1.0.2.tgz. Extracting by manifest.
199 silly tarball no local data for ssf@https://registry.npmjs.org/ssf/-/ssf-0.11.2.tgz. Extracting by manifest.
200 silly tarball no local data for codepage@https://registry.npmjs.org/codepage/-/codepage-1.15.0.tgz. Extracting by manifest.
201 silly tarball no local data for crc-32@https://registry.npmjs.org/crc-32/-/crc-32-1.2.2.tgz. Extracting by manifest.
202 silly tarball no local data for cfb@https://registry.npmjs.org/cfb/-/cfb-1.2.2.tgz. Extracting by manifest.
203 silly tarball no local data for adler-32@https://registry.npmjs.org/adler-32/-/adler-32-1.3.1.tgz. Extracting by manifest.
204 silly tarball no local data for xlsx@https://registry.npmjs.org/xlsx/-/xlsx-0.18.5.tgz. Extracting by manifest.
205 silly tarball no local data for word@https://registry.npmjs.org/word/-/word-0.3.0.tgz. Extracting by manifest.
206 http fetch GET 200 https://registry.npmjs.org/frac/-/frac-1.1.2.tgz 59ms (cache miss)
207 http fetch GET 200 https://registry.npmjs.org/crc-32/-/crc-32-1.2.2.tgz 60ms (cache miss)
208 http fetch GET 200 https://registry.npmjs.org/cfb/-/cfb-1.2.2.tgz 64ms (cache miss)
209 http fetch GET 200 https://registry.npmjs.org/wmf/-/wmf-1.0.2.tgz 66ms (cache miss)
210 http fetch POST 200 https://registry.npmjs.org/-/npm/v1/security/advisories/bulk 96ms
211 silly audit report {
211 silly audit report   '@eslint/plugin-kit': [
211 silly audit report     {
211 silly audit report       id: 1106734,
211 silly audit report       url: 'https://github.com/advisories/GHSA-xffm-g5w8-qvg7',
211 silly audit report       title: '@eslint/plugin-kit is vulnerable to Regular Expression Denial of Service attacks through ConfigCommentParser',
211 silly audit report       severity: 'low',
211 silly audit report       vulnerable_versions: '<0.3.4',
211 silly audit report       cwe: [Array],
211 silly audit report       cvss: [Object]
211 silly audit report     }
211 silly audit report   ],
211 silly audit report   next: [
211 silly audit report     {
211 silly audit report       id: 1105949,
211 silly audit report       url: 'https://github.com/advisories/GHSA-r2fc-ccr8-96c4',
211 silly audit report       title: 'Next.js has a Cache poisoning vulnerability due to omission of the Vary header',
211 silly audit report       severity: 'low',
211 silly audit report       vulnerable_versions: '>=15.3.0 <15.3.3',
211 silly audit report       cwe: [Array],
211 silly audit report       cvss: [Object]
211 silly audit report     },
211 silly audit report     {
211 silly audit report       id: 1107228,
211 silly audit report       url: 'https://github.com/advisories/GHSA-g5qg-72qw-gw5v',
211 silly audit report       title: 'Next.js Affected by Cache Key Confusion for Image Optimization API Routes',
211 silly audit report       severity: 'moderate',
211 silly audit report       vulnerable_versions: '>=15.0.0 <=15.4.4',
211 silly audit report       cwe: [Array],
211 silly audit report       cvss: [Object]
211 silly audit report     },
211 silly audit report     {
211 silly audit report       id: 1107514,
211 silly audit report       url: 'https://github.com/advisories/GHSA-xv57-4mr9-wg8v',
211 silly audit report       title: 'Next.js Content Injection Vulnerability for Image Optimization',
211 silly audit report       severity: 'moderate',
211 silly audit report       vulnerable_versions: '>=15.0.0 <=15.4.4',
211 silly audit report       cwe: [Array],
211 silly audit report       cvss: [Object]
211 silly audit report     },
211 silly audit report     {
211 silly audit report       id: 1107515,
211 silly audit report       url: 'https://github.com/advisories/GHSA-4342-x723-ch2f',
211 silly audit report       title: 'Next.js Improper Middleware Redirect Handling Leads to SSRF',
211 silly audit report       severity: 'moderate',
211 silly audit report       vulnerable_versions: '>=15.0.0-canary.0 <15.4.7',
211 silly audit report       cwe: [Array],
211 silly audit report       cvss: [Object]
211 silly audit report     }
211 silly audit report   ],
211 silly audit report   xlsx: [
211 silly audit report     {
211 silly audit report       id: 1108110,
211 silly audit report       url: 'https://github.com/advisories/GHSA-4r6h-8v6p-xvw6',
211 silly audit report       title: 'Prototype Pollution in sheetJS',
211 silly audit report       severity: 'high',
211 silly audit report       vulnerable_versions: '<0.19.3',
211 silly audit report       cwe: [Array],
211 silly audit report       cvss: [Object]
211 silly audit report     },
211 silly audit report     {
211 silly audit report       id: 1108111,
211 silly audit report       url: 'https://github.com/advisories/GHSA-5pgg-2g8v-p4x9',
211 silly audit report       title: 'SheetJS Regular Expression Denial of Service (ReDoS)',
211 silly audit report       severity: 'high',
211 silly audit report       vulnerable_versions: '<0.20.2',
211 silly audit report       cwe: [Array],
211 silly audit report       cvss: [Object]
211 silly audit report     }
211 silly audit report   ]
211 silly audit report }
212 silly packumentCache corgi:https://registry.npmjs.org/@eslint%2fplugin-kit cache-miss
213 silly packumentCache corgi:https://registry.npmjs.org/next cache-miss
214 silly packumentCache corgi:https://registry.npmjs.org/xlsx cache-miss
215 http fetch GET 200 https://registry.npmjs.org/word/-/word-0.3.0.tgz 99ms (cache miss)
216 http fetch GET 200 https://registry.npmjs.org/adler-32/-/adler-32-1.3.1.tgz 100ms (cache miss)
217 http fetch GET 200 https://registry.npmjs.org/ssf/-/ssf-0.11.2.tgz 100ms (cache miss)
218 http fetch GET 200 https://registry.npmjs.org/@eslint%2fplugin-kit 82ms (cache miss)
219 silly packumentCache corgi:https://registry.npmjs.org/@eslint%2fplugin-kit set size:undefined disposed:false
220 http fetch GET 200 https://registry.npmjs.org/xlsx 90ms (cache miss)
221 silly packumentCache corgi:https://registry.npmjs.org/xlsx set size:undefined disposed:false
222 http fetch GET 200 https://registry.npmjs.org/codepage/-/codepage-1.15.0.tgz 202ms (cache miss)
223 http fetch GET 200 https://registry.npmjs.org/xlsx/-/xlsx-0.18.5.tgz 286ms (cache miss)
224 http fetch GET 200 https://registry.npmjs.org/next 459ms (cache miss)
225 silly packumentCache corgi:https://registry.npmjs.org/next set size:undefined disposed:false
226 silly packumentCache corgi:https://registry.npmjs.org/eslint cache-miss
227 http fetch GET 200 https://registry.npmjs.org/eslint 113ms (cache miss)
228 silly packumentCache corgi:https://registry.npmjs.org/eslint set size:undefined disposed:false
229 silly packumentCache corgi:https://registry.npmjs.org/@eslint-community%2feslint-utils cache-miss
230 silly packumentCache corgi:https://registry.npmjs.org/@typescript-eslint%2feslint-plugin cache-miss
231 silly packumentCache corgi:https://registry.npmjs.org/@typescript-eslint%2fparser cache-miss
232 silly packumentCache corgi:https://registry.npmjs.org/@typescript-eslint%2ftype-utils cache-miss
233 silly packumentCache corgi:https://registry.npmjs.org/@typescript-eslint%2futils cache-miss
234 silly packumentCache corgi:https://registry.npmjs.org/eslint-config-next cache-miss
235 silly packumentCache corgi:https://registry.npmjs.org/eslint-config-prettier cache-miss
236 silly packumentCache corgi:https://registry.npmjs.org/eslint-import-resolver-typescript cache-miss
237 silly packumentCache corgi:https://registry.npmjs.org/eslint-plugin-es cache-miss
238 silly packumentCache corgi:https://registry.npmjs.org/eslint-plugin-import cache-miss
239 silly packumentCache corgi:https://registry.npmjs.org/eslint-plugin-jsx-a11y cache-miss
240 silly packumentCache corgi:https://registry.npmjs.org/eslint-plugin-node cache-miss
241 silly packumentCache corgi:https://registry.npmjs.org/eslint-plugin-prettier cache-miss
242 silly packumentCache corgi:https://registry.npmjs.org/eslint-plugin-react cache-miss
243 silly packumentCache corgi:https://registry.npmjs.org/eslint-plugin-react-hooks cache-miss
244 silly packumentCache corgi:https://registry.npmjs.org/eslint-plugin-unused-imports cache-miss
245 http fetch GET 200 https://registry.npmjs.org/eslint-plugin-es 72ms (cache miss)
246 silly packumentCache corgi:https://registry.npmjs.org/eslint-plugin-es set size:undefined disposed:false
247 http fetch GET 200 https://registry.npmjs.org/eslint-plugin-import 88ms (cache miss)
248 silly packumentCache corgi:https://registry.npmjs.org/eslint-plugin-import set size:undefined disposed:false
249 http fetch GET 200 https://registry.npmjs.org/eslint-import-resolver-typescript 96ms (cache miss)
250 silly packumentCache corgi:https://registry.npmjs.org/eslint-import-resolver-typescript set size:undefined disposed:false
251 http fetch GET 200 https://registry.npmjs.org/@eslint-community%2feslint-utils 106ms (cache miss)
252 silly packumentCache corgi:https://registry.npmjs.org/@eslint-community%2feslint-utils set size:undefined disposed:false
253 http fetch GET 200 https://registry.npmjs.org/eslint-config-prettier 109ms (cache miss)
254 silly packumentCache corgi:https://registry.npmjs.org/eslint-config-prettier set size:undefined disposed:false
255 http fetch GET 200 https://registry.npmjs.org/eslint-plugin-unused-imports 140ms (cache miss)
256 silly packumentCache corgi:https://registry.npmjs.org/eslint-plugin-unused-imports set size:undefined disposed:false
257 http fetch GET 200 https://registry.npmjs.org/eslint-plugin-node 157ms (cache miss)
258 silly packumentCache corgi:https://registry.npmjs.org/eslint-plugin-node set size:undefined disposed:false
259 http fetch GET 200 https://registry.npmjs.org/eslint-plugin-prettier 161ms (cache miss)
260 silly packumentCache corgi:https://registry.npmjs.org/eslint-plugin-prettier set size:undefined disposed:false
261 http fetch GET 200 https://registry.npmjs.org/eslint-plugin-jsx-a11y 184ms (cache miss)
262 silly packumentCache corgi:https://registry.npmjs.org/eslint-plugin-jsx-a11y set size:undefined disposed:false
263 http fetch GET 200 https://registry.npmjs.org/eslint-plugin-react 203ms (cache miss)
264 silly packumentCache corgi:https://registry.npmjs.org/eslint-plugin-react set size:undefined disposed:false
265 http fetch GET 200 https://registry.npmjs.org/eslint-config-next 222ms (cache miss)
266 silly packumentCache corgi:https://registry.npmjs.org/eslint-config-next set size:undefined disposed:false
267 http fetch GET 200 https://registry.npmjs.org/@typescript-eslint%2feslint-plugin 339ms (cache miss)
268 silly packumentCache corgi:https://registry.npmjs.org/@typescript-eslint%2feslint-plugin set size:undefined disposed:false
269 http fetch GET 200 https://registry.npmjs.org/@typescript-eslint%2ftype-utils 440ms (cache miss)
270 silly packumentCache corgi:https://registry.npmjs.org/@typescript-eslint%2ftype-utils set size:undefined disposed:false
271 http fetch GET 200 https://registry.npmjs.org/@typescript-eslint%2futils 493ms (cache miss)
272 silly packumentCache corgi:https://registry.npmjs.org/@typescript-eslint%2futils set size:undefined disposed:false
273 http fetch GET 200 https://registry.npmjs.org/@typescript-eslint%2fparser 541ms (cache miss)
274 silly packumentCache corgi:https://registry.npmjs.org/@typescript-eslint%2fparser set size:undefined disposed:false
275 http fetch GET 200 https://registry.npmjs.org/eslint-plugin-react-hooks 640ms (cache miss)
276 silly packumentCache corgi:https://registry.npmjs.org/eslint-plugin-react-hooks set size:undefined disposed:false
277 silly ADD node_modules/frac
278 silly ADD node_modules/word
279 silly ADD node_modules/wmf
280 silly ADD node_modules/ssf
281 silly ADD node_modules/crc-32
282 silly ADD node_modules/codepage
283 silly ADD node_modules/cfb
284 silly ADD node_modules/adler-32
285 silly ADD node_modules/xlsx
286 silly ADD
287 silly ADD
288 silly ADD
289 silly ADD
290 silly ADD
291 silly ADD
292 silly ADD
293 silly ADD
294 silly ADD
295 silly ADD
296 silly ADD
297 silly ADD
298 silly ADD
299 silly ADD
300 silly ADD
301 silly ADD
302 silly ADD
303 silly ADD
304 silly ADD
305 silly ADD
306 silly ADD
307 silly ADD
308 silly ADD
309 silly ADD
310 silly ADD
311 silly ADD
312 silly ADD
313 silly ADD
314 silly ADD
315 silly ADD
316 silly ADD
317 silly ADD
318 silly ADD
319 silly ADD
320 silly ADD
321 silly ADD
322 silly ADD
323 silly ADD
324 silly ADD
325 silly ADD
326 silly ADD
327 silly ADD
328 silly ADD
329 silly ADD
330 silly ADD
331 silly ADD
332 silly ADD
333 silly ADD
334 silly ADD
335 silly ADD
336 silly ADD
337 silly ADD
338 silly ADD
339 silly ADD
340 silly ADD
341 silly ADD
342 silly ADD
343 silly ADD
344 silly ADD
345 silly ADD
346 silly ADD
347 silly ADD
348 silly ADD
349 silly ADD
350 silly ADD
351 verbose cwd /Users/clarkwang/Desktop/CodingMisc/ATCProject/frontend
352 verbose os Darwin 24.3.0
353 verbose node v22.12.0
354 verbose npm  v10.9.0
355 notice
355 notice New major version of npm available! 10.9.0 -> 11.6.2
355 notice Changelog: https://github.com/npm/cli/releases/tag/v11.6.2
355 notice To update run: npm install -g npm@11.6.2
355 notice  { force: true, [Symbol(proc-log.meta)]: true }
356 verbose exit 0
357 info ok
